<?xml version="1.0" encoding="UTF-8"?>
<testng-results ignored="0" total="1" passed="1" failed="0" skipped="0">
  <reporter-output>
  </reporter-output>
  <suite started-at="2020-10-08T07:49:11 AWST" name="Suite" finished-at="2020-10-08T07:49:32 AWST" duration-ms="21242">
    <groups>
    </groups>
    <test started-at="2020-10-08T07:49:11 AWST" name="Test" finished-at="2020-10-08T07:49:32 AWST" duration-ms="21242">
      <class name="web.amazon.tests.PriceTests">
        <test-method is-config="true" signature="setUp()[pri:0, instance:web.amazon.tests.PriceTests@26275bef]" started-at="2020-10-08T07:48:59 AWST" name="setUp" finished-at="2020-10-08T07:49:11 AWST" duration-ms="12096" status="PASS">
          <reporter-output>
          </reporter-output>
        </test-method> <!-- setUp -->
        <test-method signature="verifyProductPrice(java.lang.String, java.lang.String)[pri:1, instance:web.amazon.tests.PriceTests@26275bef]" started-at="2020-10-08T07:49:12 AWST" name="verifyProductPrice" data-provider="getBookPrice" finished-at="2020-10-08T07:49:32 AWST" duration-ms="20498" status="PASS">
          <params>
            <param index="0">
              <value>
                <![CDATA[Disney: The Lion King Classic Collection]]>
              </value>
            </param>
            <param index="1">
              <value>
                <![CDATA[10.00]]>
              </value>
            </param>
          </params>
          <reporter-output>
          </reporter-output>
        </test-method> <!-- verifyProductPrice -->
        <test-method is-config="true" signature="tearDown()[pri:0, instance:web.amazon.tests.PriceTests@26275bef]" started-at="2020-10-08T07:49:32 AWST" name="tearDown" finished-at="2020-10-08T07:49:33 AWST" duration-ms="991" status="PASS">
          <reporter-output>
          </reporter-output>
        </test-method> <!-- tearDown -->
      </class> <!-- web.amazon.tests.PriceTests -->
    </test> <!-- Test -->
  </suite> <!-- Suite -->
</testng-results>
